

Started GET "/" for ::1 at 2015-04-17 16:55:52 -0700
Processing by Rails::WelcomeController#index as HTML
  Rendered /Users/sunnyzhu/.rvm/gems/ruby-2.2.1/gems/railties-4.2.1/lib/rails/templates/rails/welcome/index.html.erb (2.6ms)
Completed 200 OK in 25ms (Views: 16.2ms | ActiveRecord: 0.0ms)
<<<<<<< HEAD


Started GET "/" for ::1 at 2015-04-17 17:21:58 -0700
Processing by Rails::WelcomeController#index as HTML
  Rendered /Library/Ruby/Gems/2.0.0/gems/railties-4.2.1/lib/rails/templates/rails/welcome/index.html.erb (1.6ms)
Completed 200 OK in 28ms (Views: 8.4ms | ActiveRecord: 0.0ms)
=======
  [1m[36m (2.0ms)[0m  [1mCREATE TABLE "schema_migrations" ("version" varchar NOT NULL) [0m
  [1m[35m (0.1ms)[0m  select sqlite_version(*)
  [1m[36m (1.6ms)[0m  [1mCREATE UNIQUE INDEX "unique_schema_migrations" ON "schema_migrations" ("version")[0m
  [1m[35mActiveRecord::SchemaMigration Load (0.1ms)[0m  SELECT "schema_migrations".* FROM "schema_migrations"


Started GET "/" for ::1 at 2015-04-17 17:21:46 -0700
Processing by Rails::WelcomeController#index as HTML
  Rendered /Users/Tiffany/.rbenv/versions/2.2.1/lib/ruby/gems/2.2.0/gems/railties-4.2.1/lib/rails/templates/rails/welcome/index.html.erb (1.2ms)
Completed 200 OK in 14ms (Views: 6.3ms | ActiveRecord: 0.0ms)


Started GET "/" for ::1 at 2015-04-19 14:20:32 -0700
Processing by Rails::WelcomeController#index as HTML
  Rendered /Users/Tiffany/.rbenv/versions/2.2.1/lib/ruby/gems/2.2.0/gems/railties-4.2.1/lib/rails/templates/rails/welcome/index.html.erb (1.8ms)
Completed 200 OK in 18ms (Views: 9.4ms | ActiveRecord: 0.0ms)
  [1m[36mActiveRecord::SchemaMigration Load (0.1ms)[0m  [1mSELECT "schema_migrations".* FROM "schema_migrations"[0m
Migrating to DeviseCreateUsers (20150419221326)
  [1m[35m (0.1ms)[0m  begin transaction
DEPRECATION WARNING: `#timestamp` was called without specifying an option for `null`. In Rails 5, this behavior will change to `null: false`. You should manually specify `null: true` to prevent the behavior of your existing migrations from changing. (called from block in change at /Users/Tiffany/Documents/Fantastic4/db/migrate/20150419221326_devise_create_users.rb:34)
  [1m[36m (0.5ms)[0m  [1mCREATE TABLE "users" ("id" INTEGER PRIMARY KEY AUTOINCREMENT NOT NULL, "email" varchar DEFAULT '' NOT NULL, "encrypted_password" varchar DEFAULT '' NOT NULL, "reset_password_token" varchar, "reset_password_sent_at" datetime, "remember_created_at" datetime, "sign_in_count" integer DEFAULT 0 NOT NULL, "current_sign_in_at" datetime, "last_sign_in_at" datetime, "current_sign_in_ip" varchar, "last_sign_in_ip" varchar, "created_at" datetime, "updated_at" datetime) [0m
  [1m[35m (0.4ms)[0m  select sqlite_version(*)
  [1m[36m (0.7ms)[0m  [1mCREATE UNIQUE INDEX "index_users_on_email" ON "users" ("email")[0m
  [1m[35m (0.1ms)[0m              SELECT sql
            FROM sqlite_master
            WHERE name='index_users_on_email' AND type='index'
            UNION ALL
            SELECT sql
            FROM sqlite_temp_master
            WHERE name='index_users_on_email' AND type='index'

  [1m[36m (0.1ms)[0m  [1mCREATE UNIQUE INDEX "index_users_on_reset_password_token" ON "users" ("reset_password_token")[0m
  [1m[35mSQL (0.1ms)[0m  INSERT INTO "schema_migrations" ("version") VALUES (?)  [["version", "20150419221326"]]
  [1m[36m (1.0ms)[0m  [1mcommit transaction[0m
  [1m[35mActiveRecord::SchemaMigration Load (0.1ms)[0m  SELECT "schema_migrations".* FROM "schema_migrations"
  [1m[36m (0.1ms)[0m  [1m            SELECT sql
            FROM sqlite_master
            WHERE name='index_users_on_reset_password_token' AND type='index'
            UNION ALL
            SELECT sql
            FROM sqlite_temp_master
            WHERE name='index_users_on_reset_password_token' AND type='index'
[0m
  [1m[35m (0.1ms)[0m              SELECT sql
            FROM sqlite_master
            WHERE name='index_users_on_email' AND type='index'
            UNION ALL
            SELECT sql
            FROM sqlite_temp_master
            WHERE name='index_users_on_email' AND type='index'

>>>>>>> 02caf324fef295d8fafc347049ccf03fb07fed7b


Started GET "/" for ::1 at 2015-04-19 15:29:34 -0700
  [1m[36mActiveRecord::SchemaMigration Load (0.1ms)[0m  [1mSELECT "schema_migrations".* FROM "schema_migrations"[0m
Processing by Rails::WelcomeController#index as HTML
  Rendered /Library/Ruby/Gems/2.0.0/gems/railties-4.2.1/lib/rails/templates/rails/welcome/index.html.erb (1.7ms)
Completed 200 OK in 24ms (Views: 7.6ms | ActiveRecord: 0.0ms)


Started GET "/rails/info/properties" for ::1 at 2015-04-19 15:29:36 -0700
Processing by Rails::InfoController#properties as */*
  [1m[35mActiveRecord::SchemaMigration Load (0.1ms)[0m  SELECT "schema_migrations".* FROM "schema_migrations"
  Rendered /Library/Ruby/Gems/2.0.0/gems/railties-4.2.1/lib/rails/templates/rails/info/properties.html.erb (0.5ms)
Completed 200 OK in 9ms (Views: 6.9ms | ActiveRecord: 0.2ms)


Started GET "/rails/info/properties" for ::1 at 2015-04-19 15:30:17 -0700
Processing by Rails::InfoController#properties as */*
  Rendered /Library/Ruby/Gems/2.0.0/gems/railties-4.2.1/lib/rails/templates/rails/info/properties.html.erb (0.1ms)
Completed 200 OK in 7ms (Views: 6.5ms | ActiveRecord: 0.0ms)
